Traceback (most recent call last):
  File "C:\Users\almand\Anaconda3\envs\JupyterBook_env\lib\site-packages\jupyter_cache\executors\utils.py", line 51, in single_nb_execution
    executenb(
  File "C:\Users\almand\Anaconda3\envs\JupyterBook_env\lib\site-packages\nbclient\client.py", line 1093, in execute
    return NotebookClient(nb=nb, resources=resources, km=km, **kwargs).execute()
  File "C:\Users\almand\Anaconda3\envs\JupyterBook_env\lib\site-packages\nbclient\util.py", line 84, in wrapped
    return just_run(coro(*args, **kwargs))
  File "C:\Users\almand\Anaconda3\envs\JupyterBook_env\lib\site-packages\nbclient\util.py", line 62, in just_run
    return loop.run_until_complete(coro)
  File "C:\Users\almand\Anaconda3\envs\JupyterBook_env\lib\asyncio\base_events.py", line 642, in run_until_complete
    return future.result()
  File "C:\Users\almand\Anaconda3\envs\JupyterBook_env\lib\site-packages\nbclient\client.py", line 559, in async_execute
    await self.async_execute_cell(
  File "C:\Users\almand\Anaconda3\envs\JupyterBook_env\lib\site-packages\nbclient\client.py", line 854, in async_execute_cell
    self._check_raise_for_error(cell, exec_reply)
  File "C:\Users\almand\Anaconda3\envs\JupyterBook_env\lib\site-packages\nbclient\client.py", line 756, in _check_raise_for_error
    raise CellExecutionError.from_cell_and_msg(cell, exec_reply_content)
nbclient.exceptions.CellExecutionError: An error occurred while executing the following cell:
------------------
import netCDF4 as nc
from obspy.io.segy.segy import _read_segy
import matplotlib.pyplot as plt
import matplotlib.ticker as ticker
from matplotlib import transforms
import numpy as np
------------------

[1;31m---------------------------------------------------------------------------[0m
[1;31mAttributeError[0m                            Traceback (most recent call last)
[1;32m<ipython-input-2-65096d0534e4>[0m in [0;36m<module>[1;34m[0m
[0;32m      1[0m [1;32mimport[0m [0mnetCDF4[0m [1;32mas[0m [0mnc[0m[1;33m[0m[1;33m[0m[0m
[1;32m----> 2[1;33m [1;32mfrom[0m [0mobspy[0m[1;33m.[0m[0mio[0m[1;33m.[0m[0msegy[0m[1;33m.[0m[0msegy[0m [1;32mimport[0m [0m_read_segy[0m[1;33m[0m[1;33m[0m[0m
[0m[0;32m      3[0m [1;32mimport[0m [0mmatplotlib[0m[1;33m.[0m[0mpyplot[0m [1;32mas[0m [0mplt[0m[1;33m[0m[1;33m[0m[0m
[0;32m      4[0m [1;32mimport[0m [0mmatplotlib[0m[1;33m.[0m[0mticker[0m [1;32mas[0m [0mticker[0m[1;33m[0m[1;33m[0m[0m
[0;32m      5[0m [1;32mfrom[0m [0mmatplotlib[0m [1;32mimport[0m [0mtransforms[0m[1;33m[0m[1;33m[0m[0m

[1;32m~\Anaconda3\envs\JupyterBook_env\lib\site-packages\obspy\__init__.py[0m in [0;36m<module>[1;34m[0m
[0;32m     37[0m [1;33m[0m[0m
[0;32m     38[0m [1;31m# don't change order[0m[1;33m[0m[1;33m[0m[1;33m[0m[0m
[1;32m---> 39[1;33m [1;32mfrom[0m [0mobspy[0m[1;33m.[0m[0mcore[0m[1;33m.[0m[0mutcdatetime[0m [1;32mimport[0m [0mUTCDateTime[0m  [1;31m# NOQA[0m[1;33m[0m[1;33m[0m[0m
[0m[0;32m     40[0m [1;32mfrom[0m [0mobspy[0m[1;33m.[0m[0mcore[0m[1;33m.[0m[0mutil[0m [1;32mimport[0m [0m_get_version_string[0m[1;33m[0m[1;33m[0m[0m
[0;32m     41[0m [0m__version__[0m [1;33m=[0m [0m_get_version_string[0m[1;33m([0m[0mabbrev[0m[1;33m=[0m[1;36m10[0m[1;33m)[0m[1;33m[0m[1;33m[0m[0m

[1;32m~\Anaconda3\envs\JupyterBook_env\lib\site-packages\obspy\core\__init__.py[0m in [0;36m<module>[1;34m[0m
[0;32m    122[0m [1;33m[0m[0m
[0;32m    123[0m [1;31m# don't change order[0m[1;33m[0m[1;33m[0m[1;33m[0m[0m
[1;32m--> 124[1;33m [1;32mfrom[0m [0mobspy[0m[1;33m.[0m[0mcore[0m[1;33m.[0m[0mutcdatetime[0m [1;32mimport[0m [0mUTCDateTime[0m  [1;31m# NOQA[0m[1;33m[0m[1;33m[0m[0m
[0m[0;32m    125[0m [1;32mfrom[0m [0mobspy[0m[1;33m.[0m[0mcore[0m[1;33m.[0m[0mutil[0m[1;33m.[0m[0mattribdict[0m [1;32mimport[0m [0mAttribDict[0m  [1;31m# NOQA[0m[1;33m[0m[1;33m[0m[0m
[0;32m    126[0m [1;32mfrom[0m [0mobspy[0m[1;33m.[0m[0mcore[0m[1;33m.[0m[0mtrace[0m [1;32mimport[0m [0mStats[0m[1;33m,[0m [0mTrace[0m  [1;31m# NOQA[0m[1;33m[0m[1;33m[0m[0m

[1;32m~\Anaconda3\envs\JupyterBook_env\lib\site-packages\obspy\core\utcdatetime.py[0m in [0;36m<module>[1;34m[0m
[0;32m     25[0m [1;32mimport[0m [0mnumpy[0m [1;32mas[0m [0mnp[0m[1;33m[0m[1;33m[0m[0m
[0;32m     26[0m [1;32mfrom[0m [0mobspy[0m[1;33m.[0m[0mcore[0m[1;33m.[0m[0mcompatibility[0m [1;32mimport[0m [0mpy3_round[0m[1;33m[0m[1;33m[0m[0m
[1;32m---> 27[1;33m [1;32mfrom[0m [0mobspy[0m[1;33m.[0m[0mcore[0m[1;33m.[0m[0mutil[0m[1;33m.[0m[0mdeprecation_helpers[0m [1;32mimport[0m [0mObsPyDeprecationWarning[0m[1;33m[0m[1;33m[0m[0m
[0m[0;32m     28[0m [1;33m[0m[0m
[0;32m     29[0m [1;31m# Regular expression used in the init function of the UTCDateTime objects which[0m[1;33m[0m[1;33m[0m[1;33m[0m[0m

[1;32m~\Anaconda3\envs\JupyterBook_env\lib\site-packages\obspy\core\util\__init__.py[0m in [0;36m<module>[1;34m[0m
[0;32m     25[0m [1;31m# import order matters - NamedTemporaryFile must be one of the first![0m[1;33m[0m[1;33m[0m[1;33m[0m[0m
[0;32m     26[0m [1;32mfrom[0m [0mobspy[0m[1;33m.[0m[0mcore[0m[1;33m.[0m[0mutil[0m[1;33m.[0m[0mattribdict[0m [1;32mimport[0m [0mAttribDict[0m[1;33m[0m[1;33m[0m[0m
[1;32m---> 27[1;33m from obspy.core.util.base import (ALL_MODULES, DEFAULT_MODULES,
[0m[0;32m     28[0m                                   [0mNATIVE_BYTEORDER[0m[1;33m,[0m [0mNETWORK_MODULES[0m[1;33m,[0m[1;33m[0m[1;33m[0m[0m
[0;32m     29[0m                                   [0mNamedTemporaryFile[0m[1;33m,[0m [0m_read_from_plugin[0m[1;33m,[0m[1;33m[0m[1;33m[0m[0m

[1;32m~\Anaconda3\envs\JupyterBook_env\lib\site-packages\obspy\core\util\base.py[0m in [0;36m<module>[1;34m[0m
[0;32m     34[0m [1;32mfrom[0m [0mpkg_resources[0m [1;32mimport[0m [0mget_entry_info[0m[1;33m,[0m [0miter_entry_points[0m[1;33m[0m[1;33m[0m[0m
[0;32m     35[0m [1;33m[0m[0m
[1;32m---> 36[1;33m [1;32mfrom[0m [0mobspy[0m[1;33m.[0m[0mcore[0m[1;33m.[0m[0mutil[0m[1;33m.[0m[0mmisc[0m [1;32mimport[0m [0mto_int_or_zero[0m[1;33m,[0m [0mbuffered_load_entry_point[0m[1;33m[0m[1;33m[0m[0m
[0m[0;32m     37[0m [1;33m[0m[0m
[0;32m     38[0m [1;33m[0m[0m

[1;32m~\Anaconda3\envs\JupyterBook_env\lib\site-packages\obspy\core\util\misc.py[0m in [0;36m<module>[1;34m[0m
[0;32m    212[0m [1;32mtry[0m[1;33m:[0m[1;33m[0m[1;33m[0m[0m
[0;32m    213[0m     [1;32mfrom[0m [0mnumpy[0m [1;32mimport[0m [0mloadtxt[0m[1;33m[0m[1;33m[0m[0m
[1;32m--> 214[1;33m     [0mloadtxt[0m[1;33m([0m[0mnp[0m[1;33m.[0m[0marray[0m[1;33m([0m[1;33m[[0m[1;36m0[0m[1;33m][0m[1;33m)[0m[1;33m,[0m [0mndmin[0m[1;33m=[0m[1;36m1[0m[1;33m)[0m[1;33m[0m[1;33m[0m[0m
[0m[0;32m    215[0m [1;32mexcept[0m [0mTypeError[0m[1;33m:[0m[1;33m[0m[1;33m[0m[0m
[0;32m    216[0m     [1;31m# otherwise redefine loadtxt[0m[1;33m[0m[1;33m[0m[1;33m[0m[0m

[1;32m~\Anaconda3\envs\JupyterBook_env\lib\site-packages\numpy\lib\npyio.py[0m in [0;36mloadtxt[1;34m(fname, dtype, comments, delimiter, converters, skiprows, usecols, unpack, ndmin, encoding, max_rows, like)[0m
[0;32m   1084[0m         [1;31m# the need for decoding and estimate the number of columns.[0m[1;33m[0m[1;33m[0m[1;33m[0m[0m
[0;32m   1085[0m         [1;32mfor[0m [0mfirst_line[0m [1;32min[0m [0mline_iter[0m[1;33m:[0m[1;33m[0m[1;33m[0m[0m
[1;32m-> 1086[1;33m             [0mncols[0m [1;33m=[0m [0mlen[0m[1;33m([0m[0musecols[0m [1;32mor[0m [0msplit_line[0m[1;33m([0m[0mfirst_line[0m[1;33m)[0m[1;33m)[0m[1;33m[0m[1;33m[0m[0m
[0m[0;32m   1087[0m             [1;32mif[0m [0mncols[0m[1;33m:[0m[1;33m[0m[1;33m[0m[0m
[0;32m   1088[0m                 [1;31m# Put first_line back.[0m[1;33m[0m[1;33m[0m[1;33m[0m[0m

[1;32m~\Anaconda3\envs\JupyterBook_env\lib\site-packages\numpy\lib\npyio.py[0m in [0;36msplit_line[1;34m(line)[0m
[0;32m    975[0m         [1;34m"""Chop off comments, strip, and split at delimiter."""[0m[1;33m[0m[1;33m[0m[0m
[0;32m    976[0m         [1;32mfor[0m [0mcomment[0m [1;32min[0m [0mcomments[0m[1;33m:[0m  [1;31m# Much faster than using a single regex.[0m[1;33m[0m[1;33m[0m[0m
[1;32m--> 977[1;33m             [0mline[0m [1;33m=[0m [0mline[0m[1;33m.[0m[0msplit[0m[1;33m([0m[0mcomment[0m[1;33m,[0m [1;36m1[0m[1;33m)[0m[1;33m[[0m[1;36m0[0m[1;33m][0m[1;33m[0m[1;33m[0m[0m
[0m[0;32m    978[0m         [0mline[0m [1;33m=[0m [0mline[0m[1;33m.[0m[0mstrip[0m[1;33m([0m[1;34m'\r\n'[0m[1;33m)[0m[1;33m[0m[1;33m[0m[0m
[0;32m    979[0m         [1;32mreturn[0m [0mline[0m[1;33m.[0m[0msplit[0m[1;33m([0m[0mdelimiter[0m[1;33m)[0m [1;32mif[0m [0mline[0m [1;32melse[0m [1;33m[[0m[1;33m][0m[1;33m[0m[1;33m[0m[0m

[1;31mAttributeError[0m: 'numpy.int32' object has no attribute 'split'
AttributeError: 'numpy.int32' object has no attribute 'split'

